<?xml version="1.0" encoding="UTF-8" ?>
<testsuite tests="1" failures="1" name="NewTest" time="0.041" errors="0" skipped="0">
  <properties>
[...]
</properties>
  <testcase classname="NewTest" name="f" time="0.041">
    <failure message="expected [Maven] but found [Google]" type="java.lang.AssertionError">java.lang.AssertionError: expected [Maven] but found [Google]
	at org.testng.Assert.fail(Assert.java:93)
	at org.testng.Assert.failNotEquals(Assert.java:512)
	at org.testng.Assert.assertEqualsImpl(Assert.java:134)
	at org.testng.Assert.assertEquals(Assert.java:115)
	at org.testng.Assert.assertEquals(Assert.java:189)
	at org.testng.Assert.assertEquals(Assert.java:199)
	at NewTest.f(NewTest.java:17)
</failure>
    <system-out>Configuring TestNG with: org.apache.maven.surefire.testng.conf.TestNG652Configurator@33e5ccce
Welcome to Maven World
</system-out>
    <system-err>1576679974259	mozrunner::runner	INFO	Running command: &quot;C:\\Program Files\\Mozilla Firefox\\firefox.exe&quot; &quot;-marionette&quot; &quot;-foreground&quot; &quot;-no-remote&quot; &quot;-profile&quot; &quot;C:\\Users\\RASHAD~1.TAN\\AppData\\Local\\Temp\\rust_mozprofile5I3yw6&quot;
1576679977823	addons.webextension.screenshots@mozilla.org	WARN	Loading extension &apos;screenshots@mozilla.org&apos;: Reading manifest: Invalid extension permission: mozillaAddons
1576679977823	addons.webextension.screenshots@mozilla.org	WARN	Loading extension &apos;screenshots@mozilla.org&apos;: Reading manifest: Invalid extension permission: telemetry
1576679977823	addons.webextension.screenshots@mozilla.org	WARN	Loading extension &apos;screenshots@mozilla.org&apos;: Reading manifest: Invalid extension permission: resource://pdf.js/
1576679977823	addons.webextension.screenshots@mozilla.org	WARN	Loading extension &apos;screenshots@mozilla.org&apos;: Reading manifest: Invalid extension permission: about:reader*
JavaScript error: resource://gre/modules/XULStore.jsm, line 66: Error: Can&apos;t find profile directory.
1576679984924	Marionette	INFO	Listening on port 50809
1576679985105	Marionette	WARN	TLS certificate errors will be ignored for this session
Dec 18, 2019 4:39:46 PM org.openqa.selenium.remote.ProtocolHandshake createSession
INFO: Detected dialect: W3C
</system-err>
  </testcase>
</testsuite>