<?xml version="1.0" encoding="UTF-8"?>
<!-- Generated by org.testng.reporters.JUnitXMLReporter -->
<testsuite ignored="0" hostname="Test-Rashad" failures="1" tests="1" name="Command line test" time="4.534" errors="0" timestamp="18 Dec 2019 14:39:51 GMT">
  <testcase classname="NewTest" name="f" time="0.009">
    <failure type="java.lang.AssertionError" message="expected [Maven] but found [Google]">
      <![CDATA[java.lang.AssertionError: expected [Maven] but found [Google]
	at NewTest.f(NewTest.java:17)
... Removed 40 stack frames]]>
    </failure>
  </testcase> <!-- f -->
</testsuite> <!-- Command line test -->
