<?xml version="1.0" encoding="UTF-8"?>
<!-- Generated by org.testng.reporters.JUnitXMLReporter -->
<testsuite ignored="0" hostname="Test-Rashad" failures="1" tests="1" name="Surefire test" time="3.671" errors="0" timestamp="19 Dec 2019 09:08:02 GMT">
  <testcase classname="NewTest" name="f" time="0.006">
    <failure type="java.lang.AssertionError" message="expected [Maven] but found [Google]">
      <![CDATA[java.lang.AssertionError: expected [Maven] but found [Google]
	at NewTest.f(NewTest.java:17)
... Removed 36 stack frames]]>
    </failure>
  </testcase> <!-- f -->
</testsuite> <!-- Surefire test -->
